  OGLTriangle.cpp
  OGLSquare.cpp
  OGLSphere.cpp
d:\zhenyi\projects\ledpen\drawsphere\oglsphere.cpp(79): warning C4244: 'argument': conversion from 'double' to 'float', possible loss of data
d:\zhenyi\projects\ledpen\drawsphere\oglsphere.cpp(80): warning C4244: 'argument': conversion from 'double' to 'float', possible loss of data
d:\zhenyi\projects\ledpen\drawsphere\oglsphere.cpp(81): warning C4244: 'argument': conversion from 'double' to 'const float', possible loss of data
d:\zhenyi\projects\ledpen\drawsphere\oglsphere.cpp(85): warning C4244: 'argument': conversion from 'double' to 'float', possible loss of data
d:\zhenyi\projects\ledpen\drawsphere\oglsphere.cpp(86): warning C4244: 'argument': conversion from 'double' to 'float', possible loss of data
d:\zhenyi\projects\ledpen\drawsphere\oglsphere.cpp(87): warning C4244: 'argument': conversion from 'double' to 'const float', possible loss of data
  OGLObj.cpp
  ImageProcessor.cpp
d:\zhenyi\projects\ledpen\drawsphere\imageprocessor.cpp(134): warning C4018: '<=': signed/unsigned mismatch
d:\zhenyi\projects\ledpen\drawsphere\imageprocessor.cpp(148): warning C4018: '<': signed/unsigned mismatch
d:\zhenyi\projects\ledpen\drawsphere\imageprocessor.cpp(150): warning C4244: 'initializing': conversion from 'double' to 'float', possible loss of data
  DrawSphere.cpp
d:\zhenyi\projects\ledpen\drawsphere\drawsphere.cpp(63): warning C4244: 'initializing': conversion from 'double' to 'int', possible loss of data
d:\zhenyi\projects\ledpen\drawsphere\drawsphere.cpp(135): warning C4018: '<': signed/unsigned mismatch
  Generating Code...
opencv_world320d.lib(opencv_world320d.dll) : fatal error LNK1112: module machine type 'x64' conflicts with target machine type 'X86'
C:\Program Files (x86)\MSBuild\Microsoft.Cpp\v4.0\V140\Microsoft.CppCommon.targets(638,5): error MSB6006: "link.exe" exited with code 1112.
